2014-01-07 13:53:16.324 XcodeTest[89589:80b] Multi-tasking -> Device: YES, App: YES
2014-01-07 13:53:16.331 XcodeTest[89589:80b] Unlimited access to network resources
2014-01-07 13:53:16.559 XcodeTest[89589:80b] Resetting plugins due to page load.
2014-01-07 13:53:16.611 XcodeTest[89589:80b] Finished load of: file:///Users/ryanbowman/Library/Application%20Support/iPhone%20Simulator/7.0.3/Applications/A81E52D3-906F-4380-A09F-38682BD29EE8/XcodeTest.app/www/index.html
2014-01-07 13:54:48.233 XcodeTest[90582:80b] Multi-tasking -> Device: YES, App: YES
2014-01-07 13:54:48.240 XcodeTest[90582:80b] Unlimited access to network resources
2014-01-07 13:54:48.381 XcodeTest[90582:80b] Resetting plugins due to page load.
2014-01-07 13:54:48.460 XcodeTest[90582:80b] Finished load of: file:///Users/ryanbowman/Library/Application%20Support/iPhone%20Simulator/7.0.3/Applications/A81E52D3-906F-4380-A09F-38682BD29EE8/XcodeTest.app/www/index.html
2014-01-07 13:54:48.500 XcodeTest[90582:80b] Received Event: deviceready
2014-01-07 13:54:48.501 XcodeTest[90582:80b] RRRRRRRRRRRRRRRRRRRRRRRRR
2014-01-07 14:06:03.097 XcodeTest[91309:80b] Multi-tasking -> Device: YES, App: YES
2014-01-07 14:06:03.105 XcodeTest[91309:80b] Unlimited access to network resources
2014-01-07 14:06:03.360 XcodeTest[91309:80b] Resetting plugins due to page load.
2014-01-07 14:06:03.414 XcodeTest[91309:80b] Finished load of: file:///Users/ryanbowman/Library/Application%20Support/iPhone%20Simulator/7.0.3/Applications/A81E52D3-906F-4380-A09F-38682BD29EE8/XcodeTest.app/www/index.html
2014-01-07 14:08:01.322 XcodeTest[92034:80b] Multi-tasking -> Device: YES, App: YES
2014-01-07 14:08:01.329 XcodeTest[92034:80b] Unlimited access to network resources
2014-01-07 14:08:01.433 XcodeTest[92034:80b] Resetting plugins due to page load.
2014-01-07 14:08:01.470 XcodeTest[92034:80b] Finished load of: file:///Users/ryanbowman/Library/Application%20Support/iPhone%20Simulator/7.0.3/Applications/A81E52D3-906F-4380-A09F-38682BD29EE8/XcodeTest.app/www/index.html
Terminating in response to SpringBoard's termination.
2014-01-07 14:08:21.663 XcodeTest[92380:80b] Multi-tasking -> Device: YES, App: YES
2014-01-07 14:08:21.670 XcodeTest[92380:80b] Unlimited access to network resources
2014-01-07 14:08:21.777 XcodeTest[92380:80b] Resetting plugins due to page load.
2014-01-07 14:08:21.824 XcodeTest[92380:80b] Finished load of: file:///Users/ryanbowman/Library/Application%20Support/iPhone%20Simulator/7.0.3/Applications/A81E52D3-906F-4380-A09F-38682BD29EE8/XcodeTest.app/www/index.html
2014-01-07 14:09:58.406 XcodeTest[92723:80b] Multi-tasking -> Device: YES, App: YES
2014-01-07 14:09:58.411 XcodeTest[92723:80b] Unlimited access to network resources
2014-01-07 14:09:58.499 XcodeTest[92723:80b] Resetting plugins due to page load.
2014-01-07 14:09:58.528 XcodeTest[92723:80b] Finished load of: file:///Users/ryanbowman/Library/Application%20Support/iPhone%20Simulator/7.0.3/Applications/A81E52D3-906F-4380-A09F-38682BD29EE8/XcodeTest.app/www/index.html
2014-01-07 14:10:20.859 XcodeTest[93053:80b] Multi-tasking -> Device: YES, App: YES
2014-01-07 14:10:20.865 XcodeTest[93053:80b] Unlimited access to network resources
2014-01-07 14:10:20.987 XcodeTest[93053:80b] Resetting plugins due to page load.
2014-01-07 14:10:21.019 XcodeTest[93053:80b] Finished load of: file:///Users/ryanbowman/Library/Application%20Support/iPhone%20Simulator/7.0.3/Applications/A81E52D3-906F-4380-A09F-38682BD29EE8/XcodeTest.app/www/index.html
2014-01-07 14:11:02.728 XcodeTest[93385:80b] Multi-tasking -> Device: YES, App: YES
2014-01-07 14:11:02.736 XcodeTest[93385:80b] Unlimited access to network resources
2014-01-07 14:11:02.855 XcodeTest[93385:80b] Resetting plugins due to page load.
2014-01-07 14:11:02.911 XcodeTest[93385:80b] Finished load of: file:///Users/ryanbowman/Library/Application%20Support/iPhone%20Simulator/7.0.3/Applications/A81E52D3-906F-4380-A09F-38682BD29EE8/XcodeTest.app/www/index.html
2014-01-07 14:11:02.934 XcodeTest[93385:80b] Received Event: deviceready
2014-01-07 15:46:47.395 XcodeTest[1729:80b] Multi-tasking -> Device: YES, App: YES
2014-01-07 15:46:47.404 XcodeTest[1729:80b] Unlimited access to network resources
2014-01-07 15:46:47.432 XcodeTest[1729:80b] [CDVTimer][statusbar] 8.948982ms
2014-01-07 15:46:47.433 XcodeTest[1729:80b] [CDVTimer][TotalPluginStartup] 9.411991ms
2014-01-07 15:46:47.547 XcodeTest[1729:80b] Resetting plugins due to page load.
2014-01-07 15:46:47.595 XcodeTest[1729:80b] Finished load of: file:///Users/ryanbowman/Library/Application%20Support/iPhone%20Simulator/7.0.3/Applications/A81E52D3-906F-4380-A09F-38682BD29EE8/XcodeTest.app/www/index.html
2014-01-07 15:46:47.635 XcodeTest[1729:80b] Detected docs path: /Users/ryanbowman/Library/Application Support/iPhone Simulator/7.0.3/Applications/A81E52D3-906F-4380-A09F-38682BD29EE8/Documents
2014-01-07 15:46:47.636 XcodeTest[1729:80b] Good news: SQLite is thread safe!
2014-01-07 15:46:47.637 XcodeTest[1729:80b] stupid piece of crap
2014-01-07 15:46:47.638 XcodeTest[1729:80b] SQLitePlugin openargs: {"name":"Database"}
2014-01-07 15:46:47.638 XcodeTest[1729:80b] DB opened: Database
2014-01-07 15:46:52.859 XcodeTest[1729:80b] insertId: 1 -- probably 1
2014-01-07 15:46:54.180 XcodeTest[1729:80b] res.rows.length: 1 -- should be 1
2014-01-07 16:00:04.112 XcodeTest[2921:80b] Multi-tasking -> Device: YES, App: YES
2014-01-07 16:00:04.118 XcodeTest[2921:80b] Unlimited access to network resources
2014-01-07 16:00:04.144 XcodeTest[2921:80b] [CDVTimer][statusbar] 6.869018ms
2014-01-07 16:00:04.144 XcodeTest[2921:80b] [CDVTimer][TotalPluginStartup] 7.265031ms
2014-01-07 16:00:04.261 XcodeTest[2921:80b] Resetting plugins due to page load.
2014-01-07 16:00:04.293 XcodeTest[2921:80b] Finished load of: file:///Users/ryanbowman/Library/Application%20Support/iPhone%20Simulator/7.0.3/Applications/A81E52D3-906F-4380-A09F-38682BD29EE8/XcodeTest.app/www/index.html
2014-01-07 16:00:04.352 XcodeTest[2921:80b] Detected docs path: /Users/ryanbowman/Library/Application Support/iPhone Simulator/7.0.3/Applications/A81E52D3-906F-4380-A09F-38682BD29EE8/Documents
2014-01-07 16:00:04.353 XcodeTest[2921:80b] Good news: SQLite is thread safe!
2014-01-07 16:00:04.355 XcodeTest[2921:80b] stupid piece of crap
2014-01-07 16:00:04.355 XcodeTest[2921:80b] SQLitePlugin openargs: {"name":"Database"}
2014-01-07 16:00:04.356 XcodeTest[2921:80b] DB opened: Database
2014-01-07 16:00:12.107 XcodeTest[2921:80b] insertId: 1 -- probably 1
2014-01-07 16:00:13.971 XcodeTest[2921:80b] res.rows.length: 1 -- should be 1
2014-01-07 16:00:15.369 XcodeTest[2921:80b] Resetting plugins due to page load.
2014-01-07 16:00:15.377 XcodeTest[2921:80b] Finished load of: file:///Users/ryanbowman/Library/Application%20Support/iPhone%20Simulator/7.0.3/Applications/A81E52D3-906F-4380-A09F-38682BD29EE8/XcodeTest.app/www/index.html
2014-01-07 16:00:15.386 XcodeTest[2921:80b] Good news: SQLite is thread safe!
2014-01-07 16:00:15.387 XcodeTest[2921:80b] stupid piece of crap
2014-01-07 16:00:15.388 XcodeTest[2921:80b] SQLitePlugin openargs: {"name":"Database"}
2014-01-07 16:00:15.388 XcodeTest[2921:80b] DB opened: Database
2014-01-07 16:00:17.150 XcodeTest[2921:80b] insertId: undefined -- probably 1
2014-01-07 16:00:18.730 XcodeTest[2921:80b] res.rows.length: 1 -- should be 1
2014-01-07 16:02:57.583 XcodeTest[3803:80b] Multi-tasking -> Device: YES, App: YES
2014-01-07 16:02:57.590 XcodeTest[3803:80b] Unlimited access to network resources
2014-01-07 16:02:57.629 XcodeTest[3803:80b] [CDVTimer][statusbar] 14.267981ms
2014-01-07 16:02:57.629 XcodeTest[3803:80b] [CDVTimer][TotalPluginStartup] 14.820039ms
2014-01-07 16:02:57.831 XcodeTest[3803:80b] Resetting plugins due to page load.
2014-01-07 16:02:57.876 XcodeTest[3803:80b] Finished load of: file:///Users/ryanbowman/Library/Application%20Support/iPhone%20Simulator/7.0.3/Applications/A81E52D3-906F-4380-A09F-38682BD29EE8/XcodeTest.app/www/index.html
2014-01-07 16:02:57.933 XcodeTest[3803:80b] Detected docs path: /Users/ryanbowman/Library/Application Support/iPhone Simulator/7.0.3/Applications/A81E52D3-906F-4380-A09F-38682BD29EE8/Documents
2014-01-07 16:02:57.934 XcodeTest[3803:80b] Good news: SQLite is thread safe!
2014-01-07 16:02:57.936 XcodeTest[3803:80b] stupid piece of crap
2014-01-07 16:02:57.936 XcodeTest[3803:80b] SQLitePlugin openargs: {"name":"Database"}
2014-01-07 16:02:57.937 XcodeTest[3803:80b] DB opened: Database
2014-01-07 16:02:59.602 XcodeTest[3803:80b] insertId: 1 -- probably 1
2014-01-07 16:03:00.841 XcodeTest[3803:80b] res.rows.length: 1 -- should be 1
2014-01-07 16:03:07.620 XcodeTest[3803:80b] Resetting plugins due to page load.
2014-01-07 16:03:07.873 XcodeTest[3803:80b] Failed to load webpage with error: The requested URL was not found on this server.
2014-01-07 16:03:23.332 XcodeTest[3803:80b] Resetting plugins due to page load.
2014-01-07 16:03:23.481 XcodeTest[3803:80b] Failed to load webpage with error: The requested URL was not found on this server.
2014-01-07 16:03:25.194 XcodeTest[3803:80b] Resetting plugins due to page load.
2014-01-07 16:03:25.226 XcodeTest[3803:80b] Failed to load webpage with error: The requested URL was not found on this server.
2014-01-07 16:26:52.645 XcodeTest[4813:80b] Multi-tasking -> Device: YES, App: YES
2014-01-07 16:26:52.670 XcodeTest[4813:80b] Unlimited access to network resources
2014-01-07 16:26:52.946 XcodeTest[4813:80b] [CDVTimer][statusbar] 62.074006ms
2014-01-07 16:26:52.946 XcodeTest[4813:80b] [CDVTimer][TotalPluginStartup] 62.560022ms
2014-01-07 16:26:53.060 XcodeTest[4813:80b] Resetting plugins due to page load.
2014-01-07 16:26:53.130 XcodeTest[4813:80b] Finished load of: file:///Users/ryanbowman/Library/Application%20Support/iPhone%20Simulator/7.0.3/Applications/A81E52D3-906F-4380-A09F-38682BD29EE8/XcodeTest.app/www/index.html
2014-01-07 16:26:53.226 XcodeTest[4813:80b] Detected docs path: /Users/ryanbowman/Library/Application Support/iPhone Simulator/7.0.3/Applications/A81E52D3-906F-4380-A09F-38682BD29EE8/Documents
2014-01-07 16:26:53.227 XcodeTest[4813:80b] Good news: SQLite is thread safe!
2014-01-07 16:26:53.227 XcodeTest[4813:80b] stupid piece of crap
2014-01-07 16:26:53.228 XcodeTest[4813:80b] SQLitePlugin openargs: {"name":"Database"}
2014-01-07 16:26:53.228 XcodeTest[4813:80b] DB opened: Database
2014-01-07 16:26:56.819 XcodeTest[4813:80b] insertId: 1 -- probably 1
2014-01-07 16:27:04.197 XcodeTest[4813:80b] res.rows.length: 1 -- should be 1
2014-01-07 16:32:03.715 XcodeTest[5262:80b] Multi-tasking -> Device: YES, App: YES
2014-01-07 16:32:03.723 XcodeTest[5262:80b] Unlimited access to network resources
2014-01-07 16:32:03.752 XcodeTest[5262:80b] [CDVTimer][statusbar] 8.226991ms
2014-01-07 16:32:03.753 XcodeTest[5262:80b] [CDVTimer][TotalPluginStartup] 8.930981ms
2014-01-07 16:32:03.902 XcodeTest[5262:80b] Resetting plugins due to page load.
2014-01-07 16:32:03.965 XcodeTest[5262:80b] Finished load of: file:///Users/ryanbowman/Library/Application%20Support/iPhone%20Simulator/7.0.3/Applications/A81E52D3-906F-4380-A09F-38682BD29EE8/XcodeTest.app/www/index.html
2014-01-07 16:32:04.019 XcodeTest[5262:80b] Detected docs path: /Users/ryanbowman/Library/Application Support/iPhone Simulator/7.0.3/Applications/A81E52D3-906F-4380-A09F-38682BD29EE8/Documents
2014-01-07 16:32:04.020 XcodeTest[5262:80b] Good news: SQLite is thread safe!
2014-01-07 16:32:04.021 XcodeTest[5262:80b] stupid piece of crap
2014-01-07 16:32:04.022 XcodeTest[5262:80b] SQLitePlugin openargs: {"name":"Database"}
2014-01-07 16:32:04.022 XcodeTest[5262:80b] DB opened: Database
2014-01-07 16:32:07.090 XcodeTest[5262:80b] insertId: 1 -- probably 1
2014-01-07 16:32:08.347 XcodeTest[5262:80b] res.rows.length: 1 -- should be 1
2014-01-07 16:33:13.117 XcodeTest[5690:80b] Multi-tasking -> Device: YES, App: YES
2014-01-07 16:33:13.126 XcodeTest[5690:80b] Unlimited access to network resources
2014-01-07 16:33:13.160 XcodeTest[5690:80b] [CDVTimer][statusbar] 6.955981ms
2014-01-07 16:33:13.161 XcodeTest[5690:80b] [CDVTimer][TotalPluginStartup] 7.472992ms
2014-01-07 16:33:13.263 XcodeTest[5690:80b] Resetting plugins due to page load.
2014-01-07 16:33:13.319 XcodeTest[5690:80b] Finished load of: file:///Users/ryanbowman/Library/Application%20Support/iPhone%20Simulator/7.0.3/Applications/A81E52D3-906F-4380-A09F-38682BD29EE8/XcodeTest.app/www/index.html
2014-01-07 16:33:13.350 XcodeTest[5690:80b] Detected docs path: /Users/ryanbowman/Library/Application Support/iPhone Simulator/7.0.3/Applications/A81E52D3-906F-4380-A09F-38682BD29EE8/Documents
2014-01-07 16:33:13.351 XcodeTest[5690:80b] Good news: SQLite is thread safe!
2014-01-07 16:33:13.352 XcodeTest[5690:80b] stupid piece of crap
2014-01-07 16:33:13.352 XcodeTest[5690:80b] SQLitePlugin openargs: {"name":"Database"}
2014-01-07 16:33:13.353 XcodeTest[5690:80b] DB opened: Database
2014-01-07 16:33:15.910 XcodeTest[5690:80b] insertId: 1 -- probably 1
2014-01-07 16:33:17.185 XcodeTest[5690:80b] res.rows.length: 1 -- should be 1
Terminating in response to SpringBoard's termination.
2014-01-07 16:42:02.353 XcodeTest[7890:80b] Multi-tasking -> Device: YES, App: YES
2014-01-07 16:42:02.361 XcodeTest[7890:80b] Unlimited access to network resources
2014-01-07 16:42:02.385 XcodeTest[7890:80b] [CDVTimer][statusbar] 5.847991ms
2014-01-07 16:42:02.386 XcodeTest[7890:80b] [CDVTimer][TotalPluginStartup] 6.275952ms
2014-01-07 16:42:02.506 XcodeTest[7890:80b] Resetting plugins due to page load.
2014-01-07 16:42:02.548 XcodeTest[7890:80b] Finished load of: file:///Users/ryanbowman/Library/Application%20Support/iPhone%20Simulator/7.0.3/Applications/A81E52D3-906F-4380-A09F-38682BD29EE8/XcodeTest.app/www/index.html
2014-01-07 16:42:02.585 XcodeTest[7890:80b] Detected docs path: /Users/ryanbowman/Library/Application Support/iPhone Simulator/7.0.3/Applications/A81E52D3-906F-4380-A09F-38682BD29EE8/Documents
2014-01-07 16:42:02.586 XcodeTest[7890:80b] Good news: SQLite is thread safe!
2014-01-07 16:42:02.588 XcodeTest[7890:80b] stupid piece of crap
2014-01-07 16:42:02.588 XcodeTest[7890:80b] SQLitePlugin openargs: {"name":"Database"}
2014-01-07 16:42:02.589 XcodeTest[7890:80b] DB opened: Database
2014-01-07 16:42:06.492 XcodeTest[7890:80b] insertId: 1 -- probably 1
2014-01-07 16:42:06.492 XcodeTest[7890:80b] insertId: 2 -- probably 1
2014-01-07 16:42:08.591 XcodeTest[7890:80b] res.rows.length: 2 -- should be 1
Terminating in response to SpringBoard's termination.
2014-01-07 16:43:29.166 XcodeTest[8307:80b] Multi-tasking -> Device: YES, App: YES
2014-01-07 16:43:29.173 XcodeTest[8307:80b] Unlimited access to network resources
2014-01-07 16:43:29.197 XcodeTest[8307:80b] [CDVTimer][statusbar] 7.012010ms
2014-01-07 16:43:29.198 XcodeTest[8307:80b] [CDVTimer][TotalPluginStartup] 7.421017ms
2014-01-07 16:43:29.314 XcodeTest[8307:80b] Resetting plugins due to page load.
2014-01-07 16:43:29.347 XcodeTest[8307:80b] Finished load of: file:///Users/ryanbowman/Library/Application%20Support/iPhone%20Simulator/7.0.3/Applications/A81E52D3-906F-4380-A09F-38682BD29EE8/XcodeTest.app/www/index.html
2014-01-07 16:43:29.388 XcodeTest[8307:80b] Detected docs path: /Users/ryanbowman/Library/Application Support/iPhone Simulator/7.0.3/Applications/A81E52D3-906F-4380-A09F-38682BD29EE8/Documents
2014-01-07 16:43:29.389 XcodeTest[8307:80b] Good news: SQLite is thread safe!
2014-01-07 16:43:29.390 XcodeTest[8307:80b] stupid piece of crap
2014-01-07 16:43:29.390 XcodeTest[8307:80b] SQLitePlugin openargs: {"name":"Database"}
2014-01-07 16:43:29.391 XcodeTest[8307:80b] DB opened: Database
2014-01-07 16:43:33.659 XcodeTest[8307:80b] insertId: 1 -- probably 1
2014-01-07 16:43:33.659 XcodeTest[8307:80b] insertId: 2 -- probably 1
2014-01-07 16:43:37.496 XcodeTest[8307:80b] res.rows.length: 456 -- should be 1
2014-01-07 16:44:44.087 XcodeTest[8721:80b] Multi-tasking -> Device: YES, App: YES
2014-01-07 16:44:44.095 XcodeTest[8721:80b] Unlimited access to network resources
2014-01-07 16:44:44.120 XcodeTest[8721:80b] [CDVTimer][statusbar] 6.790996ms
2014-01-07 16:44:44.121 XcodeTest[8721:80b] [CDVTimer][TotalPluginStartup] 7.271945ms
2014-01-07 16:44:44.251 XcodeTest[8721:80b] Resetting plugins due to page load.
2014-01-07 16:44:44.292 XcodeTest[8721:80b] Finished load of: file:///Users/ryanbowman/Library/Application%20Support/iPhone%20Simulator/7.0.3/Applications/A81E52D3-906F-4380-A09F-38682BD29EE8/XcodeTest.app/www/index.html
2014-01-07 16:44:44.324 XcodeTest[8721:80b] Detected docs path: /Users/ryanbowman/Library/Application Support/iPhone Simulator/7.0.3/Applications/A81E52D3-906F-4380-A09F-38682BD29EE8/Documents
2014-01-07 16:44:44.325 XcodeTest[8721:80b] Good news: SQLite is thread safe!
2014-01-07 16:44:44.326 XcodeTest[8721:80b] stupid piece of crap
2014-01-07 16:44:44.326 XcodeTest[8721:80b] SQLitePlugin openargs: {"name":"Database"}
2014-01-07 16:44:44.327 XcodeTest[8721:80b] DB opened: Database
2014-01-07 16:44:49.498 XcodeTest[8721:80b] insertId: 1 -- probably 1
2014-01-07 16:44:49.498 XcodeTest[8721:80b] insertId: 2 -- probably 1
2014-01-07 16:46:30.585 XcodeTest[9143:80b] Multi-tasking -> Device: YES, App: YES
2014-01-07 16:46:30.593 XcodeTest[9143:80b] Unlimited access to network resources
2014-01-07 16:46:30.621 XcodeTest[9143:80b] [CDVTimer][statusbar] 7.957995ms
2014-01-07 16:46:30.622 XcodeTest[9143:80b] [CDVTimer][TotalPluginStartup] 8.453965ms
2014-01-07 16:46:30.722 XcodeTest[9143:80b] Resetting plugins due to page load.
2014-01-07 16:46:30.766 XcodeTest[9143:80b] Finished load of: file:///Users/ryanbowman/Library/Application%20Support/iPhone%20Simulator/7.0.3/Applications/A81E52D3-906F-4380-A09F-38682BD29EE8/XcodeTest.app/www/index.html
2014-01-07 16:46:30.829 XcodeTest[9143:80b] Detected docs path: /Users/ryanbowman/Library/Application Support/iPhone Simulator/7.0.3/Applications/A81E52D3-906F-4380-A09F-38682BD29EE8/Documents
2014-01-07 16:46:30.830 XcodeTest[9143:80b] Good news: SQLite is thread safe!
2014-01-07 16:46:30.831 XcodeTest[9143:80b] stupid piece of crap
2014-01-07 16:46:30.831 XcodeTest[9143:80b] SQLitePlugin openargs: {"name":"Database"}
2014-01-07 16:46:30.832 XcodeTest[9143:80b] DB opened: Database
2014-01-07 16:46:34.618 XcodeTest[9143:80b] insertId: 1 -- probably 1
2014-01-07 16:46:34.618 XcodeTest[9143:80b] insertId: 2 -- probably 1
2014-01-07 16:46:34.626 XcodeTest[9143:80b] res.rows.length: 456 -- should be 456
2014-01-07 16:47:40.856 XcodeTest[9556:80b] Multi-tasking -> Device: YES, App: YES
2014-01-07 16:47:40.862 XcodeTest[9556:80b] Unlimited access to network resources
2014-01-07 16:47:40.886 XcodeTest[9556:80b] [CDVTimer][statusbar] 6.246030ms
2014-01-07 16:47:40.886 XcodeTest[9556:80b] [CDVTimer][TotalPluginStartup] 6.680012ms
2014-01-07 16:47:41.011 XcodeTest[9556:80b] Resetting plugins due to page load.
2014-01-07 16:47:41.053 XcodeTest[9556:80b] Finished load of: file:///Users/ryanbowman/Library/Application%20Support/iPhone%20Simulator/7.0.3/Applications/A81E52D3-906F-4380-A09F-38682BD29EE8/XcodeTest.app/www/index.html
2014-01-07 16:47:41.090 XcodeTest[9556:80b] Detected docs path: /Users/ryanbowman/Library/Application Support/iPhone Simulator/7.0.3/Applications/A81E52D3-906F-4380-A09F-38682BD29EE8/Documents
2014-01-07 16:47:41.091 XcodeTest[9556:80b] Good news: SQLite is thread safe!
2014-01-07 16:47:41.092 XcodeTest[9556:80b] stupid piece of crap
2014-01-07 16:47:41.093 XcodeTest[9556:80b] SQLitePlugin openargs: {"name":"Database"}
2014-01-07 16:47:41.093 XcodeTest[9556:80b] DB opened: Database
2014-01-07 16:47:46.347 XcodeTest[9556:80b] insertId: 1 -- probably 1
2014-01-07 16:47:46.348 XcodeTest[9556:80b] insertId: 2 -- probably 1
2014-01-07 16:47:46.358 XcodeTest[9556:80b] res.rows.length: 456 -- should be 456
2014-01-07 16:47:46.358 XcodeTest[9556:80b] 456
2014-01-07 16:48:44.692 XcodeTest[9969:80b] Multi-tasking -> Device: YES, App: YES
2014-01-07 16:48:44.698 XcodeTest[9969:80b] Unlimited access to network resources
2014-01-07 16:48:44.721 XcodeTest[9969:80b] [CDVTimer][statusbar] 6.502032ms
2014-01-07 16:48:44.722 XcodeTest[9969:80b] [CDVTimer][TotalPluginStartup] 6.910980ms
2014-01-07 16:48:44.831 XcodeTest[9969:80b] Resetting plugins due to page load.
2014-01-07 16:48:44.868 XcodeTest[9969:80b] Finished load of: file:///Users/ryanbowman/Library/Application%20Support/iPhone%20Simulator/7.0.3/Applications/A81E52D3-906F-4380-A09F-38682BD29EE8/XcodeTest.app/www/index.html
2014-01-07 16:48:44.922 XcodeTest[9969:80b] Detected docs path: /Users/ryanbowman/Library/Application Support/iPhone Simulator/7.0.3/Applications/A81E52D3-906F-4380-A09F-38682BD29EE8/Documents
2014-01-07 16:48:44.923 XcodeTest[9969:80b] Good news: SQLite is thread safe!
2014-01-07 16:48:44.924 XcodeTest[9969:80b] stupid piece of crap
2014-01-07 16:48:44.925 XcodeTest[9969:80b] SQLitePlugin openargs: {"name":"Database"}
2014-01-07 16:48:44.925 XcodeTest[9969:80b] DB opened: Database
2014-01-07 16:48:48.996 XcodeTest[9969:80b] insertId: 1 -- probably 1
2014-01-07 16:48:48.996 XcodeTest[9969:80b] insertId: 2 -- probably 1
2014-01-07 16:48:49.006 XcodeTest[9969:80b] res.rows.length: 456 -- should be 456
2014-01-07 16:49:52.673 XcodeTest[10383:80b] Multi-tasking -> Device: YES, App: YES
2014-01-07 16:49:52.679 XcodeTest[10383:80b] Unlimited access to network resources
2014-01-07 16:49:52.704 XcodeTest[10383:80b] [CDVTimer][statusbar] 6.117046ms
2014-01-07 16:49:52.705 XcodeTest[10383:80b] [CDVTimer][TotalPluginStartup] 6.597996ms
2014-01-07 16:49:52.828 XcodeTest[10383:80b] Resetting plugins due to page load.
2014-01-07 16:49:52.864 XcodeTest[10383:80b] Finished load of: file:///Users/ryanbowman/Library/Application%20Support/iPhone%20Simulator/7.0.3/Applications/A81E52D3-906F-4380-A09F-38682BD29EE8/XcodeTest.app/www/index.html
2014-01-07 16:49:52.894 XcodeTest[10383:80b] Detected docs path: /Users/ryanbowman/Library/Application Support/iPhone Simulator/7.0.3/Applications/A81E52D3-906F-4380-A09F-38682BD29EE8/Documents
2014-01-07 16:49:52.895 XcodeTest[10383:80b] Good news: SQLite is thread safe!
2014-01-07 16:49:52.896 XcodeTest[10383:80b] stupid piece of crap
2014-01-07 16:49:52.897 XcodeTest[10383:80b] SQLitePlugin openargs: {"name":"Database"}
2014-01-07 16:49:52.897 XcodeTest[10383:80b] DB opened: Database
2014-01-07 16:50:00.292 XcodeTest[10383:80b] insertId: 1 -- probably 1
2014-01-07 16:50:00.292 XcodeTest[10383:80b] insertId: 2 -- probably 1
2014-01-07 16:50:00.300 XcodeTest[10383:80b] res.rows.length: 456 -- should be 456
2014-01-07 16:50:27.446 XcodeTest[10788:80b] Multi-tasking -> Device: YES, App: YES
2014-01-07 16:50:27.453 XcodeTest[10788:80b] Unlimited access to network resources
2014-01-07 16:50:27.482 XcodeTest[10788:80b] [CDVTimer][statusbar] 7.570028ms
2014-01-07 16:50:27.483 XcodeTest[10788:80b] [CDVTimer][TotalPluginStartup] 8.058012ms
2014-01-07 16:50:27.570 XcodeTest[10788:80b] Resetting plugins due to page load.
2014-01-07 16:50:27.607 XcodeTest[10788:80b] Finished load of: file:///Users/ryanbowman/Library/Application%20Support/iPhone%20Simulator/7.0.3/Applications/A81E52D3-906F-4380-A09F-38682BD29EE8/XcodeTest.app/www/index.html
2014-01-07 16:50:27.646 XcodeTest[10788:80b] Detected docs path: /Users/ryanbowman/Library/Application Support/iPhone Simulator/7.0.3/Applications/A81E52D3-906F-4380-A09F-38682BD29EE8/Documents
2014-01-07 16:50:27.647 XcodeTest[10788:80b] Good news: SQLite is thread safe!
2014-01-07 16:50:27.648 XcodeTest[10788:80b] stupid piece of crap
2014-01-07 16:50:27.648 XcodeTest[10788:80b] SQLitePlugin openargs: {"name":"Database"}
2014-01-07 16:50:27.649 XcodeTest[10788:80b] DB opened: Database
2014-01-07 16:50:31.090 XcodeTest[10788:80b] insertId: 1 -- probably 1
2014-01-07 16:50:31.091 XcodeTest[10788:80b] insertId: 2 -- probably 1
2014-01-07 16:50:31.098 XcodeTest[10788:80b] res.rows.length: 456 -- should be 456
2014-01-07 16:51:20.849 XcodeTest[11193:80b] Multi-tasking -> Device: YES, App: YES
2014-01-07 16:51:20.855 XcodeTest[11193:80b] Unlimited access to network resources
2014-01-07 16:51:20.880 XcodeTest[11193:80b] [CDVTimer][statusbar] 7.848978ms
2014-01-07 16:51:20.881 XcodeTest[11193:80b] [CDVTimer][TotalPluginStartup] 8.406997ms
2014-01-07 16:51:21.000 XcodeTest[11193:80b] Resetting plugins due to page load.
2014-01-07 16:51:21.040 XcodeTest[11193:80b] Finished load of: file:///Users/ryanbowman/Library/Application%20Support/iPhone%20Simulator/7.0.3/Applications/A81E52D3-906F-4380-A09F-38682BD29EE8/XcodeTest.app/www/index.html
2014-01-07 16:51:21.081 XcodeTest[11193:80b] Detected docs path: /Users/ryanbowman/Library/Application Support/iPhone Simulator/7.0.3/Applications/A81E52D3-906F-4380-A09F-38682BD29EE8/Documents
2014-01-07 16:51:21.082 XcodeTest[11193:80b] Good news: SQLite is thread safe!
2014-01-07 16:51:21.083 XcodeTest[11193:80b] stupid piece of crap
2014-01-07 16:51:21.083 XcodeTest[11193:80b] SQLitePlugin openargs: {"name":"Database"}
2014-01-07 16:51:21.084 XcodeTest[11193:80b] DB opened: Database
2014-01-07 16:51:21.085 XcodeTest[11193:80b] insertId: 1 -- probably 1
2014-01-07 16:51:21.086 XcodeTest[11193:80b] insertId: 2 -- probably 1
2014-01-07 16:51:21.089 XcodeTest[11193:80b] res.rows.length: 456 -- should be 456
2014-01-07 16:52:27.018 XcodeTest[11601:80b] Multi-tasking -> Device: YES, App: YES
2014-01-07 16:52:27.023 XcodeTest[11601:80b] Unlimited access to network resources
2014-01-07 16:52:27.045 XcodeTest[11601:80b] [CDVTimer][statusbar] 5.967021ms
2014-01-07 16:52:27.046 XcodeTest[11601:80b] [CDVTimer][TotalPluginStartup] 6.395996ms
2014-01-07 16:52:27.158 XcodeTest[11601:80b] Resetting plugins due to page load.
2014-01-07 16:52:27.186 XcodeTest[11601:80b] Finished load of: file:///Users/ryanbowman/Library/Application%20Support/iPhone%20Simulator/7.0.3/Applications/A81E52D3-906F-4380-A09F-38682BD29EE8/XcodeTest.app/www/index.html
2014-01-07 16:52:27.213 XcodeTest[11601:80b] Detected docs path: /Users/ryanbowman/Library/Application Support/iPhone Simulator/7.0.3/Applications/A81E52D3-906F-4380-A09F-38682BD29EE8/Documents
2014-01-07 16:52:27.214 XcodeTest[11601:80b] Good news: SQLite is thread safe!
2014-01-07 16:52:48.513 XcodeTest[11601:80b] Resetting plugins due to page load.
2014-01-07 16:52:48.519 XcodeTest[11601:80b] Failed to load webpage with error: The requested URL was not found on this server.
2014-01-07 17:03:58.471 XcodeTest[12094:80b] Multi-tasking -> Device: YES, App: YES
2014-01-07 17:03:58.478 XcodeTest[12094:80b] Unlimited access to network resources
2014-01-07 17:03:58.504 XcodeTest[12094:80b] [CDVTimer][statusbar] 6.123006ms
2014-01-07 17:03:58.505 XcodeTest[12094:80b] [CDVTimer][TotalPluginStartup] 6.557047ms
2014-01-07 17:03:58.607 XcodeTest[12094:80b] Resetting plugins due to page load.
2014-01-07 17:03:58.641 XcodeTest[12094:80b] Finished load of: file:///Users/ryanbowman/Library/Application%20Support/iPhone%20Simulator/7.0.3/Applications/A81E52D3-906F-4380-A09F-38682BD29EE8/XcodeTest.app/www/index.html
2014-01-07 17:03:58.685 XcodeTest[12094:80b] Detected docs path: /Users/ryanbowman/Library/Application Support/iPhone Simulator/7.0.3/Applications/A81E52D3-906F-4380-A09F-38682BD29EE8/Documents
2014-01-07 17:03:58.686 XcodeTest[12094:80b] Good news: SQLite is thread safe!
2014-01-07 17:03:58.687 XcodeTest[12094:80b] stupid piece of crap
2014-01-07 17:03:58.688 XcodeTest[12094:80b] SQLitePlugin openargs: {"name":"DB"}
2014-01-07 17:03:58.688 XcodeTest[12094:80b] DB opened: DB
2014-01-07 17:03:58.690 XcodeTest[12094:80b] insertId: 1 -- probably 1
2014-01-07 17:03:58.690 XcodeTest[12094:80b] rowsAffected: 1 -- should be 1
2014-01-07 17:03:58.694 XcodeTest[12094:80b] PRAGMA res: {"rows":{"length":3},"rowsAffected":0}
2014-01-07 17:03:58.695 XcodeTest[12094:80b] PRAGMA res: undefined
2014-01-07 17:03:58.696 XcodeTest[12094:80b] res.rows.length: 1 -- should be 1
2014-01-07 17:03:58.697 XcodeTest[12094:80b] res.rows.item(0).cnt: 1 -- should be 1
2014-01-07 17:04:31.717 XcodeTest[12501:80b] Multi-tasking -> Device: YES, App: YES
2014-01-07 17:04:31.723 XcodeTest[12501:80b] Unlimited access to network resources
2014-01-07 17:04:31.747 XcodeTest[12501:80b] [CDVTimer][statusbar] 6.657958ms
2014-01-07 17:04:31.747 XcodeTest[12501:80b] [CDVTimer][TotalPluginStartup] 7.071018ms
2014-01-07 17:04:31.910 XcodeTest[12501:80b] Resetting plugins due to page load.
2014-01-07 17:04:31.950 XcodeTest[12501:80b] Finished load of: file:///Users/ryanbowman/Library/Application%20Support/iPhone%20Simulator/7.0.3/Applications/A81E52D3-906F-4380-A09F-38682BD29EE8/XcodeTest.app/www/index.html
2014-01-07 17:04:31.994 XcodeTest[12501:80b] Detected docs path: /Users/ryanbowman/Library/Application Support/iPhone Simulator/7.0.3/Applications/A81E52D3-906F-4380-A09F-38682BD29EE8/Documents
2014-01-07 17:04:31.995 XcodeTest[12501:80b] Good news: SQLite is thread safe!
2014-01-07 17:04:31.996 XcodeTest[12501:80b] stupid piece of crap
2014-01-07 17:04:31.996 XcodeTest[12501:80b] SQLitePlugin openargs: {"name":"DB"}
2014-01-07 17:04:31.997 XcodeTest[12501:80b] DB opened: DB
2014-01-07 17:04:31.998 XcodeTest[12501:80b] insertId: 1 -- probably 1
2014-01-07 17:04:31.999 XcodeTest[12501:80b] rowsAffected: 1 -- should be 1
2014-01-07 17:04:32.007 XcodeTest[12501:80b] PRAGMA res: {"rows":{"length":3},"rowsAffected":0}
2014-01-07 17:04:32.007 XcodeTest[12501:80b] PRAGMA res: undefined
2014-01-07 17:04:32.008 XcodeTest[12501:80b] res.rows.length: 1 -- should be 1
2014-01-07 17:04:32.009 XcodeTest[12501:80b] res.rows.item(0).cnt: 1 -- should be 1
2014-01-07 17:05:45.312 XcodeTest[12915:80b] Multi-tasking -> Device: YES, App: YES
2014-01-07 17:05:45.321 XcodeTest[12915:80b] Unlimited access to network resources
2014-01-07 17:05:45.349 XcodeTest[12915:80b] [CDVTimer][statusbar] 7.347047ms
2014-01-07 17:05:45.350 XcodeTest[12915:80b] [CDVTimer][TotalPluginStartup] 8.046985ms
2014-01-07 17:05:45.517 XcodeTest[12915:80b] Resetting plugins due to page load.
2014-01-07 17:05:45.552 XcodeTest[12915:80b] Finished load of: file:///Users/ryanbowman/Library/Application%20Support/iPhone%20Simulator/7.0.3/Applications/A81E52D3-906F-4380-A09F-38682BD29EE8/XcodeTest.app/www/index.html
2014-01-07 17:05:45.586 XcodeTest[12915:80b] Detected docs path: /Users/ryanbowman/Library/Application Support/iPhone Simulator/7.0.3/Applications/A81E52D3-906F-4380-A09F-38682BD29EE8/Documents
2014-01-07 17:05:45.587 XcodeTest[12915:80b] Good news: SQLite is thread safe!
2014-01-07 17:05:45.588 XcodeTest[12915:80b] stupid piece of crap
2014-01-07 17:05:45.589 XcodeTest[12915:80b] SQLitePlugin openargs: {"name":"DB"}
2014-01-07 17:05:45.589 XcodeTest[12915:80b] DB opened: DB
2014-01-07 17:05:45.591 XcodeTest[12915:80b] insertId: 1 -- probably 1
2014-01-07 17:05:45.592 XcodeTest[12915:80b] rowsAffected: 1 -- should be 1
2014-01-07 17:05:45.615 XcodeTest[12915:80b] PRAGMA res: {"rows":{"length":3},"rowsAffected":0}
2014-01-07 17:05:45.615 XcodeTest[12915:80b] PRAGMA res: undefined
2014-01-07 17:05:45.616 XcodeTest[12915:80b] res.rows.length: 1 -- should be 1
2014-01-07 17:05:45.617 XcodeTest[12915:80b] res.rows.item(0).cnt: 1 -- should be 1
2014-01-07 17:06:09.441 XcodeTest[13317:80b] Multi-tasking -> Device: YES, App: YES
2014-01-07 17:06:09.447 XcodeTest[13317:80b] Unlimited access to network resources
2014-01-07 17:06:09.473 XcodeTest[13317:80b] [CDVTimer][statusbar] 6.774008ms
2014-01-07 17:06:09.473 XcodeTest[13317:80b] [CDVTimer][TotalPluginStartup] 7.348955ms
2014-01-07 17:06:09.598 XcodeTest[13317:80b] Resetting plugins due to page load.
2014-01-07 17:06:09.632 XcodeTest[13317:80b] Finished load of: file:///Users/ryanbowman/Library/Application%20Support/iPhone%20Simulator/7.0.3/Applications/A81E52D3-906F-4380-A09F-38682BD29EE8/XcodeTest.app/www/index.html
2014-01-07 17:06:09.666 XcodeTest[13317:80b] Detected docs path: /Users/ryanbowman/Library/Application Support/iPhone Simulator/7.0.3/Applications/A81E52D3-906F-4380-A09F-38682BD29EE8/Documents
2014-01-07 17:06:09.667 XcodeTest[13317:80b] Good news: SQLite is thread safe!
2014-01-07 17:06:09.668 XcodeTest[13317:80b] stupid piece of crap
2014-01-07 17:06:09.669 XcodeTest[13317:80b] SQLitePlugin openargs: {"name":"DB"}
2014-01-07 17:06:09.669 XcodeTest[13317:80b] DB opened: DB
2014-01-07 17:06:09.671 XcodeTest[13317:80b] insertId: 1 -- probably 1
2014-01-07 17:06:09.672 XcodeTest[13317:80b] rowsAffected: 1 -- should be 1
2014-01-07 17:06:09.675 XcodeTest[13317:80b] PRAGMA res: {"rows":{"length":3},"rowsAffected":0}
2014-01-07 17:06:09.675 XcodeTest[13317:80b] PRAGMA res: undefined
2014-01-07 17:06:09.676 XcodeTest[13317:80b] res.rows.length: 1 -- should be 1
2014-01-07 17:06:09.677 XcodeTest[13317:80b] res.rows.item(0).cnt: 1 -- should be 1
2014-01-07 17:06:52.707 XcodeTest[13721:80b] Multi-tasking -> Device: YES, App: YES
2014-01-07 17:06:52.713 XcodeTest[13721:80b] Unlimited access to network resources
2014-01-07 17:06:52.736 XcodeTest[13721:80b] [CDVTimer][statusbar] 5.720973ms
2014-01-07 17:06:52.736 XcodeTest[13721:80b] [CDVTimer][TotalPluginStartup] 6.145000ms
2014-01-07 17:06:52.832 XcodeTest[13721:80b] Resetting plugins due to page load.
2014-01-07 17:06:52.876 XcodeTest[13721:80b] Finished load of: file:///Users/ryanbowman/Library/Application%20Support/iPhone%20Simulator/7.0.3/Applications/A81E52D3-906F-4380-A09F-38682BD29EE8/XcodeTest.app/www/index.html
2014-01-07 17:06:52.906 XcodeTest[13721:80b] Detected docs path: /Users/ryanbowman/Library/Application Support/iPhone Simulator/7.0.3/Applications/A81E52D3-906F-4380-A09F-38682BD29EE8/Documents
2014-01-07 17:06:52.906 XcodeTest[13721:80b] Good news: SQLite is thread safe!
2014-01-07 17:06:52.907 XcodeTest[13721:80b] stupid piece of crap
2014-01-07 17:06:52.908 XcodeTest[13721:80b] SQLitePlugin openargs: {"name":"Database"}
2014-01-07 17:06:52.908 XcodeTest[13721:80b] DB opened: Database
2014-01-07 17:06:52.910 XcodeTest[13721:80b] insertId: 1 -- probably 1
2014-01-07 17:06:52.910 XcodeTest[13721:80b] insertId: 2 -- probably 1
2014-01-07 17:06:52.933 XcodeTest[13721:80b] res.rows.length: 456 -- should be 456
2014-01-07 17:21:22.856 XcodeTest[16620:80b] Multi-tasking -> Device: YES, App: YES
2014-01-07 17:21:22.863 XcodeTest[16620:80b] Unlimited access to network resources
2014-01-07 17:21:22.888 XcodeTest[16620:80b] [CDVTimer][statusbar] 6.398976ms
2014-01-07 17:21:22.889 XcodeTest[16620:80b] [CDVTimer][TotalPluginStartup] 7.241964ms
2014-01-07 17:21:23.012 XcodeTest[16620:80b] Resetting plugins due to page load.
2014-01-07 17:21:23.069 XcodeTest[16620:80b] Finished load of: file:///Users/ryanbowman/Library/Application%20Support/iPhone%20Simulator/7.0.3/Applications/A81E52D3-906F-4380-A09F-38682BD29EE8/XcodeTest.app/www/index.html
2014-01-07 17:21:23.104 XcodeTest[16620:80b] Detected docs path: /Users/ryanbowman/Library/Application Support/iPhone Simulator/7.0.3/Applications/A81E52D3-906F-4380-A09F-38682BD29EE8/Documents
2014-01-07 17:21:23.105 XcodeTest[16620:80b] Good news: SQLite is thread safe!
2014-01-07 17:21:23.106 XcodeTest[16620:80b] stupid piece of crap
2014-01-07 17:21:23.107 XcodeTest[16620:80b] SQLitePlugin openargs: {"name":"Database"}
2014-01-07 17:21:23.107 XcodeTest[16620:80b] DB opened: Database
2014-01-07 17:21:23.109 XcodeTest[16620:80b] insertId: 1 -- probably 1
2014-01-07 17:21:23.110 XcodeTest[16620:80b] insertId: 2 -- probably 1
2014-01-07 17:21:29.080 XcodeTest[16620:80b] res.rows.length: 456 -- should be 456
2014-01-07 17:21:50.126 XcodeTest[17029:80b] Multi-tasking -> Device: YES, App: YES
2014-01-07 17:21:50.132 XcodeTest[17029:80b] Unlimited access to network resources
2014-01-07 17:21:50.157 XcodeTest[17029:80b] [CDVTimer][statusbar] 6.474018ms
2014-01-07 17:21:50.158 XcodeTest[17029:80b] [CDVTimer][TotalPluginStartup] 6.936967ms
2014-01-07 17:21:50.271 XcodeTest[17029:80b] Resetting plugins due to page load.
2014-01-07 17:21:50.315 XcodeTest[17029:80b] Finished load of: file:///Users/ryanbowman/Library/Application%20Support/iPhone%20Simulator/7.0.3/Applications/A81E52D3-906F-4380-A09F-38682BD29EE8/XcodeTest.app/www/index.html
2014-01-07 17:21:50.374 XcodeTest[17029:80b] Detected docs path: /Users/ryanbowman/Library/Application Support/iPhone Simulator/7.0.3/Applications/A81E52D3-906F-4380-A09F-38682BD29EE8/Documents
2014-01-07 17:21:50.375 XcodeTest[17029:80b] Good news: SQLite is thread safe!
2014-01-07 17:21:50.376 XcodeTest[17029:80b] stupid piece of crap
2014-01-07 17:21:50.376 XcodeTest[17029:80b] SQLitePlugin openargs: {"name":"Database"}
2014-01-07 17:21:50.376 XcodeTest[17029:80b] DB opened: Database
2014-01-07 17:21:50.378 XcodeTest[17029:80b] insertId: 1 -- probably 1
2014-01-07 17:21:50.378 XcodeTest[17029:80b] insertId: 2 -- probably 1
2014-01-07 17:22:44.097 XcodeTest[17438:80b] Multi-tasking -> Device: YES, App: YES
2014-01-07 17:22:44.103 XcodeTest[17438:80b] Unlimited access to network resources
2014-01-07 17:22:44.128 XcodeTest[17438:80b] [CDVTimer][statusbar] 6.516993ms
2014-01-07 17:22:44.128 XcodeTest[17438:80b] [CDVTimer][TotalPluginStartup] 6.941974ms
2014-01-07 17:22:44.242 XcodeTest[17438:80b] Resetting plugins due to page load.
2014-01-07 17:22:44.278 XcodeTest[17438:80b] Finished load of: file:///Users/ryanbowman/Library/Application%20Support/iPhone%20Simulator/7.0.3/Applications/A81E52D3-906F-4380-A09F-38682BD29EE8/XcodeTest.app/www/index.html
2014-01-07 17:22:44.351 XcodeTest[17438:80b] Detected docs path: /Users/ryanbowman/Library/Application Support/iPhone Simulator/7.0.3/Applications/A81E52D3-906F-4380-A09F-38682BD29EE8/Documents
2014-01-07 17:22:44.352 XcodeTest[17438:80b] Good news: SQLite is thread safe!
2014-01-07 17:22:44.353 XcodeTest[17438:80b] stupid piece of crap
2014-01-07 17:22:44.354 XcodeTest[17438:80b] SQLitePlugin openargs: {"name":"Database"}
2014-01-07 17:22:44.354 XcodeTest[17438:80b] DB opened: Database
2014-01-07 17:22:44.355 XcodeTest[17438:80b] insertId: 1 -- probably 1
2014-01-07 17:22:44.356 XcodeTest[17438:80b] insertId: 2 -- probably 1
2014-01-07 17:22:51.642 XcodeTest[17438:80b] res.rows.length: 456 -- should be 456
2014-01-07 17:23:22.372 XcodeTest[17845:80b] Multi-tasking -> Device: YES, App: YES
2014-01-07 17:23:22.381 XcodeTest[17845:80b] Unlimited access to network resources
2014-01-07 17:23:22.408 XcodeTest[17845:80b] [CDVTimer][statusbar] 7.064998ms
2014-01-07 17:23:22.408 XcodeTest[17845:80b] [CDVTimer][TotalPluginStartup] 7.580042ms
2014-01-07 17:23:22.511 XcodeTest[17845:80b] Resetting plugins due to page load.
2014-01-07 17:23:22.557 XcodeTest[17845:80b] Finished load of: file:///Users/ryanbowman/Library/Application%20Support/iPhone%20Simulator/7.0.3/Applications/A81E52D3-906F-4380-A09F-38682BD29EE8/XcodeTest.app/www/index.html
2014-01-07 17:23:22.592 XcodeTest[17845:80b] Detected docs path: /Users/ryanbowman/Library/Application Support/iPhone Simulator/7.0.3/Applications/A81E52D3-906F-4380-A09F-38682BD29EE8/Documents
2014-01-07 17:23:22.593 XcodeTest[17845:80b] Good news: SQLite is thread safe!
2014-01-07 17:23:22.594 XcodeTest[17845:80b] stupid piece of crap
2014-01-07 17:23:22.595 XcodeTest[17845:80b] SQLitePlugin openargs: {"name":"Database"}
2014-01-07 17:23:22.595 XcodeTest[17845:80b] DB opened: Database
2014-01-07 17:23:22.597 XcodeTest[17845:80b] insertId: 1 -- probably 1
2014-01-07 17:23:22.598 XcodeTest[17845:80b] insertId: 2 -- probably 1
2014-01-07 17:23:54.240 XcodeTest[18249:80b] Multi-tasking -> Device: YES, App: YES
2014-01-07 17:23:54.249 XcodeTest[18249:80b] Unlimited access to network resources
2014-01-07 17:23:54.282 XcodeTest[18249:80b] [CDVTimer][statusbar] 10.421991ms
2014-01-07 17:23:54.282 XcodeTest[18249:80b] [CDVTimer][TotalPluginStartup] 11.114955ms
2014-01-07 17:23:54.444 XcodeTest[18249:80b] Resetting plugins due to page load.
2014-01-07 17:23:54.488 XcodeTest[18249:80b] Finished load of: file:///Users/ryanbowman/Library/Application%20Support/iPhone%20Simulator/7.0.3/Applications/A81E52D3-906F-4380-A09F-38682BD29EE8/XcodeTest.app/www/index.html
2014-01-07 17:24:33.094 XcodeTest[18653:80b] Multi-tasking -> Device: YES, App: YES
2014-01-07 17:24:33.100 XcodeTest[18653:80b] Unlimited access to network resources
2014-01-07 17:24:33.126 XcodeTest[18653:80b] [CDVTimer][statusbar] 8.129001ms
2014-01-07 17:24:33.127 XcodeTest[18653:80b] [CDVTimer][TotalPluginStartup] 8.639991ms
2014-01-07 17:24:33.242 XcodeTest[18653:80b] Resetting plugins due to page load.
2014-01-07 17:24:33.303 XcodeTest[18653:80b] Finished load of: file:///Users/ryanbowman/Library/Application%20Support/iPhone%20Simulator/7.0.3/Applications/A81E52D3-906F-4380-A09F-38682BD29EE8/XcodeTest.app/www/index.html
2014-01-07 17:24:33.333 XcodeTest[18653:80b] Detected docs path: /Users/ryanbowman/Library/Application Support/iPhone Simulator/7.0.3/Applications/A81E52D3-906F-4380-A09F-38682BD29EE8/Documents
2014-01-07 17:24:33.335 XcodeTest[18653:80b] Good news: SQLite is thread safe!
2014-01-07 17:24:33.337 XcodeTest[18653:80b] stupid piece of crap
2014-01-07 17:24:33.339 XcodeTest[18653:80b] SQLitePlugin openargs: {"name":"Database"}
2014-01-07 17:24:33.340 XcodeTest[18653:80b] DB opened: Database
2014-01-07 17:24:33.341 XcodeTest[18653:80b] insertId: 1 -- probably 1
2014-01-07 17:24:33.342 XcodeTest[18653:80b] insertId: 2 -- probably 1
2014-01-07 17:25:02.852 XcodeTest[19056:80b] Multi-tasking -> Device: YES, App: YES
2014-01-07 17:25:02.865 XcodeTest[19056:80b] Unlimited access to network resources
2014-01-07 17:25:02.930 XcodeTest[19056:80b] [CDVTimer][statusbar] 12.395978ms
2014-01-07 17:25:02.931 XcodeTest[19056:80b] [CDVTimer][TotalPluginStartup] 12.869000ms
2014-01-07 17:25:03.044 XcodeTest[19056:80b] Resetting plugins due to page load.
2014-01-07 17:25:03.085 XcodeTest[19056:80b] Finished load of: file:///Users/ryanbowman/Library/Application%20Support/iPhone%20Simulator/7.0.3/Applications/A81E52D3-906F-4380-A09F-38682BD29EE8/XcodeTest.app/www/index.html
2014-01-07 17:25:03.128 XcodeTest[19056:80b] Detected docs path: /Users/ryanbowman/Library/Application Support/iPhone Simulator/7.0.3/Applications/A81E52D3-906F-4380-A09F-38682BD29EE8/Documents
2014-01-07 17:25:03.129 XcodeTest[19056:80b] Good news: SQLite is thread safe!
2014-01-07 17:25:03.130 XcodeTest[19056:80b] stupid piece of crap
2014-01-07 17:25:03.131 XcodeTest[19056:80b] SQLitePlugin openargs: {"name":"Database"}
2014-01-07 17:25:03.131 XcodeTest[19056:80b] DB opened: Database
2014-01-07 17:25:03.133 XcodeTest[19056:80b] insertId: 1 -- probably 1
2014-01-07 17:25:03.133 XcodeTest[19056:80b] insertId: 2 -- probably 1
2014-01-07 17:25:07.365 XcodeTest[19056:80b] res.rows.length: 456 -- should be 456
2014-01-07 17:25:28.180 XcodeTest[19460:80b] Multi-tasking -> Device: YES, App: YES
2014-01-07 17:25:28.189 XcodeTest[19460:80b] Unlimited access to network resources
2014-01-07 17:25:28.214 XcodeTest[19460:80b] [CDVTimer][statusbar] 5.873978ms
2014-01-07 17:25:28.215 XcodeTest[19460:80b] [CDVTimer][TotalPluginStartup] 6.376028ms
2014-01-07 17:25:28.318 XcodeTest[19460:80b] Resetting plugins due to page load.
2014-01-07 17:25:28.355 XcodeTest[19460:80b] Finished load of: file:///Users/ryanbowman/Library/Application%20Support/iPhone%20Simulator/7.0.3/Applications/A81E52D3-906F-4380-A09F-38682BD29EE8/XcodeTest.app/www/index.html
2014-01-07 17:25:28.409 XcodeTest[19460:80b] Detected docs path: /Users/ryanbowman/Library/Application Support/iPhone Simulator/7.0.3/Applications/A81E52D3-906F-4380-A09F-38682BD29EE8/Documents
2014-01-07 17:25:28.410 XcodeTest[19460:80b] Good news: SQLite is thread safe!
2014-01-07 17:25:28.411 XcodeTest[19460:80b] stupid piece of crap
2014-01-07 17:25:28.412 XcodeTest[19460:80b] SQLitePlugin openargs: {"name":"Database"}
2014-01-07 17:25:28.413 XcodeTest[19460:80b] DB opened: Database
2014-01-07 17:25:28.414 XcodeTest[19460:80b] insertId: 1 -- probably 1
2014-01-07 17:25:28.415 XcodeTest[19460:80b] insertId: 2 -- probably 1
2014-01-07 17:25:29.796 XcodeTest[19460:80b] res.rows.length: 456 -- should be 456
2014-01-07 17:27:19.661 XcodeTest[19879:80b] Multi-tasking -> Device: YES, App: YES
2014-01-07 17:27:19.671 XcodeTest[19879:80b] Unlimited access to network resources
2014-01-07 17:27:19.707 XcodeTest[19879:80b] [CDVTimer][statusbar] 12.549996ms
2014-01-07 17:27:19.707 XcodeTest[19879:80b] [CDVTimer][TotalPluginStartup] 12.998998ms
2014-01-07 17:27:19.940 XcodeTest[19879:80b] Resetting plugins due to page load.
2014-01-07 17:27:20.028 XcodeTest[19879:80b] Finished load of: file:///Users/ryanbowman/Library/Application%20Support/iPhone%20Simulator/7.0.3/Applications/A81E52D3-906F-4380-A09F-38682BD29EE8/XcodeTest.app/www/index.html
2014-01-07 17:27:20.088 XcodeTest[19879:80b] Detected docs path: /Users/ryanbowman/Library/Application Support/iPhone Simulator/7.0.3/Applications/A81E52D3-906F-4380-A09F-38682BD29EE8/Documents
2014-01-07 17:27:20.089 XcodeTest[19879:80b] Good news: SQLite is thread safe!
2014-01-07 17:27:20.090 XcodeTest[19879:80b] stupid piece of crap
2014-01-07 17:27:20.091 XcodeTest[19879:80b] SQLitePlugin openargs: {"name":"Database"}
2014-01-07 17:27:20.091 XcodeTest[19879:80b] DB opened: Database
2014-01-07 17:27:20.093 XcodeTest[19879:80b] insertId: 1 -- probably 1
2014-01-07 17:27:20.094 XcodeTest[19879:80b] insertId: 2 -- probably 1
2014-01-07 17:27:22.812 XcodeTest[19879:80b] res.rows.length: 456 -- should be 456
2014-01-07 17:28:37.063 XcodeTest[20289:80b] Multi-tasking -> Device: YES, App: YES
2014-01-07 17:28:37.070 XcodeTest[20289:80b] Unlimited access to network resources
2014-01-07 17:28:37.094 XcodeTest[20289:80b] [CDVTimer][statusbar] 6.695032ms
2014-01-07 17:28:37.094 XcodeTest[20289:80b] [CDVTimer][TotalPluginStartup] 7.106006ms
2014-01-07 17:28:37.206 XcodeTest[20289:80b] Resetting plugins due to page load.
2014-01-07 17:28:37.247 XcodeTest[20289:80b] Finished load of: file:///Users/ryanbowman/Library/Application%20Support/iPhone%20Simulator/7.0.3/Applications/A81E52D3-906F-4380-A09F-38682BD29EE8/XcodeTest.app/www/index.html
2014-01-07 17:28:37.271 XcodeTest[20289:80b] Detected docs path: /Users/ryanbowman/Library/Application Support/iPhone Simulator/7.0.3/Applications/A81E52D3-906F-4380-A09F-38682BD29EE8/Documents
2014-01-07 17:28:37.272 XcodeTest[20289:80b] Good news: SQLite is thread safe!
2014-01-07 17:28:37.273 XcodeTest[20289:80b] stupid piece of crap
2014-01-07 17:28:37.273 XcodeTest[20289:80b] SQLitePlugin openargs: {"name":"Database"}
2014-01-07 17:28:37.274 XcodeTest[20289:80b] DB opened: Database
2014-01-07 17:28:37.275 XcodeTest[20289:80b] insertId: 1 -- probably 1
2014-01-07 17:28:37.276 XcodeTest[20289:80b] insertId: 2 -- probably 1
2014-01-07 17:28:39.322 XcodeTest[20289:80b] res.rows.length: 456 -- should be 456
2014-01-07 17:31:35.551 XcodeTest[21118:80b] Multi-tasking -> Device: YES, App: YES
2014-01-07 17:31:35.560 XcodeTest[21118:80b] Unlimited access to network resources
2014-01-07 17:31:35.585 XcodeTest[21118:80b] [CDVTimer][statusbar] 7.197976ms
2014-01-07 17:31:35.586 XcodeTest[21118:80b] [CDVTimer][TotalPluginStartup] 7.821023ms
2014-01-07 17:31:35.694 XcodeTest[21118:80b] Resetting plugins due to page load.
2014-01-07 17:31:35.758 XcodeTest[21118:80b] Finished load of: file:///Users/ryanbowman/Library/Application%20Support/iPhone%20Simulator/7.0.3/Applications/A81E52D3-906F-4380-A09F-38682BD29EE8/XcodeTest.app/www/index.html
2014-01-07 17:31:35.790 XcodeTest[21118:80b] Detected docs path: /Users/ryanbowman/Library/Application Support/iPhone Simulator/7.0.3/Applications/A81E52D3-906F-4380-A09F-38682BD29EE8/Documents
2014-01-07 17:31:35.791 XcodeTest[21118:80b] Good news: SQLite is thread safe!
2014-01-07 17:31:35.792 XcodeTest[21118:80b] stupid piece of crap
2014-01-07 17:31:35.793 XcodeTest[21118:80b] SQLitePlugin openargs: {"name":"Database"}
2014-01-07 17:31:35.793 XcodeTest[21118:80b] DB opened: Database
2014-01-07 17:31:35.794 XcodeTest[21118:80b] insertId: 1 -- probably 1
2014-01-07 17:32:28.123 XcodeTest[21529:80b] Multi-tasking -> Device: YES, App: YES
2014-01-07 17:32:28.129 XcodeTest[21529:80b] Unlimited access to network resources
2014-01-07 17:32:28.154 XcodeTest[21529:80b] [CDVTimer][statusbar] 7.022023ms
2014-01-07 17:32:28.154 XcodeTest[21529:80b] [CDVTimer][TotalPluginStartup] 7.498026ms
2014-01-07 17:32:28.257 XcodeTest[21529:80b] Resetting plugins due to page load.
2014-01-07 17:32:28.298 XcodeTest[21529:80b] Finished load of: file:///Users/ryanbowman/Library/Application%20Support/iPhone%20Simulator/7.0.3/Applications/A81E52D3-906F-4380-A09F-38682BD29EE8/XcodeTest.app/www/index.html
2014-01-07 17:32:28.350 XcodeTest[21529:80b] Detected docs path: /Users/ryanbowman/Library/Application Support/iPhone Simulator/7.0.3/Applications/A81E52D3-906F-4380-A09F-38682BD29EE8/Documents
2014-01-07 17:32:28.351 XcodeTest[21529:80b] Good news: SQLite is thread safe!
2014-01-07 17:32:28.352 XcodeTest[21529:80b] stupid piece of crap
2014-01-07 17:32:28.353 XcodeTest[21529:80b] SQLitePlugin openargs: {"name":"Database"}
2014-01-07 17:32:28.353 XcodeTest[21529:80b] DB opened: Database
2014-01-07 17:32:28.355 XcodeTest[21529:80b] ERROR: undefined
2014-01-07 17:33:16.255 XcodeTest[21934:80b] Multi-tasking -> Device: YES, App: YES
2014-01-07 17:33:16.262 XcodeTest[21934:80b] Unlimited access to network resources
2014-01-07 17:33:16.287 XcodeTest[21934:80b] [CDVTimer][statusbar] 6.615996ms
2014-01-07 17:33:16.288 XcodeTest[21934:80b] [CDVTimer][TotalPluginStartup] 7.171035ms
2014-01-07 17:33:16.411 XcodeTest[21934:80b] Resetting plugins due to page load.
2014-01-07 17:33:16.451 XcodeTest[21934:80b] Finished load of: file:///Users/ryanbowman/Library/Application%20Support/iPhone%20Simulator/7.0.3/Applications/A81E52D3-906F-4380-A09F-38682BD29EE8/XcodeTest.app/www/index.html
2014-01-07 17:33:16.493 XcodeTest[21934:80b] Detected docs path: /Users/ryanbowman/Library/Application Support/iPhone Simulator/7.0.3/Applications/A81E52D3-906F-4380-A09F-38682BD29EE8/Documents
2014-01-07 17:33:16.494 XcodeTest[21934:80b] Good news: SQLite is thread safe!
2014-01-07 17:33:16.495 XcodeTest[21934:80b] stupid piece of crap
2014-01-07 17:33:16.495 XcodeTest[21934:80b] SQLitePlugin openargs: {"name":"Database"}
2014-01-07 17:33:16.496 XcodeTest[21934:80b] DB opened: Database
2014-01-07 17:33:16.497 XcodeTest[21934:80b] insertId: 1 -- probably 1
2014-01-07 17:33:26.528 XcodeTest[21934:80b] res.rows.length: 456 -- should be 456
2014-01-07 17:33:26.782 XcodeTest[21934:80b] Resetting plugins due to page load.
2014-01-07 17:33:26.787 XcodeTest[21934:80b] Failed to load webpage with error: The requested URL was not found on this server.
2014-01-07 17:33:58.772 XcodeTest[22343:80b] Multi-tasking -> Device: YES, App: YES
2014-01-07 17:33:58.780 XcodeTest[22343:80b] Unlimited access to network resources
2014-01-07 17:33:58.804 XcodeTest[22343:80b] [CDVTimer][statusbar] 6.761968ms
2014-01-07 17:33:58.805 XcodeTest[22343:80b] [CDVTimer][TotalPluginStartup] 7.209003ms
2014-01-07 17:33:58.905 XcodeTest[22343:80b] Resetting plugins due to page load.
2014-01-07 17:33:58.958 XcodeTest[22343:80b] Finished load of: file:///Users/ryanbowman/Library/Application%20Support/iPhone%20Simulator/7.0.3/Applications/A81E52D3-906F-4380-A09F-38682BD29EE8/XcodeTest.app/www/index.html
2014-01-07 17:33:59.017 XcodeTest[22343:80b] Detected docs path: /Users/ryanbowman/Library/Application Support/iPhone Simulator/7.0.3/Applications/A81E52D3-906F-4380-A09F-38682BD29EE8/Documents
2014-01-07 17:33:59.018 XcodeTest[22343:80b] Good news: SQLite is thread safe!
2014-01-07 17:33:59.019 XcodeTest[22343:80b] stupid piece of crap
2014-01-07 17:33:59.019 XcodeTest[22343:80b] SQLitePlugin openargs: {"name":"Database"}
2014-01-07 17:33:59.019 XcodeTest[22343:80b] DB opened: Database
2014-01-07 17:33:59.021 XcodeTest[22343:80b] insertId: 1 -- probably 1
2014-01-07 17:34:02.149 XcodeTest[22343:80b] res.rows.length: 456 -- should be 456
2014-01-07 17:34:32.578 XcodeTest[22747:80b] Multi-tasking -> Device: YES, App: YES
2014-01-07 17:34:32.585 XcodeTest[22747:80b] Unlimited access to network resources
2014-01-07 17:34:32.612 XcodeTest[22747:80b] [CDVTimer][statusbar] 6.604016ms
2014-01-07 17:34:32.612 XcodeTest[22747:80b] [CDVTimer][TotalPluginStartup] 7.088006ms
2014-01-07 17:34:32.747 XcodeTest[22747:80b] Resetting plugins due to page load.
2014-01-07 17:34:32.789 XcodeTest[22747:80b] Finished load of: file:///Users/ryanbowman/Library/Application%20Support/iPhone%20Simulator/7.0.3/Applications/A81E52D3-906F-4380-A09F-38682BD29EE8/XcodeTest.app/www/index.html
2014-01-07 17:35:32.835 XcodeTest[23158:80b] Multi-tasking -> Device: YES, App: YES
2014-01-07 17:35:32.840 XcodeTest[23158:80b] Unlimited access to network resources
2014-01-07 17:35:32.862 XcodeTest[23158:80b] [CDVTimer][statusbar] 5.721986ms
2014-01-07 17:35:32.863 XcodeTest[23158:80b] [CDVTimer][TotalPluginStartup] 6.112993ms
2014-01-07 17:35:32.973 XcodeTest[23158:80b] Resetting plugins due to page load.
2014-01-07 17:35:33.007 XcodeTest[23158:80b] Finished load of: file:///Users/ryanbowman/Library/Application%20Support/iPhone%20Simulator/7.0.3/Applications/A81E52D3-906F-4380-A09F-38682BD29EE8/XcodeTest.app/www/index.html
2014-01-07 17:35:33.039 XcodeTest[23158:80b] Detected docs path: /Users/ryanbowman/Library/Application Support/iPhone Simulator/7.0.3/Applications/A81E52D3-906F-4380-A09F-38682BD29EE8/Documents
2014-01-07 17:35:33.040 XcodeTest[23158:80b] Good news: SQLite is thread safe!
2014-01-07 17:35:33.041 XcodeTest[23158:80b] stupid piece of crap
2014-01-07 17:35:33.042 XcodeTest[23158:80b] SQLitePlugin openargs: {"name":"Database"}
2014-01-07 17:35:33.043 XcodeTest[23158:80b] DB opened: Database
2014-01-07 17:35:33.044 XcodeTest[23158:80b] insertId: 1 -- probably 1
2014-01-07 17:35:39.854 XcodeTest[23158:80b] res.rows.length: 456 -- should be 456
2014-01-07 17:36:03.689 XcodeTest[23560:80b] Multi-tasking -> Device: YES, App: YES
2014-01-07 17:36:03.697 XcodeTest[23560:80b] Unlimited access to network resources
2014-01-07 17:36:03.722 XcodeTest[23560:80b] [CDVTimer][statusbar] 5.917966ms
2014-01-07 17:36:03.722 XcodeTest[23560:80b] [CDVTimer][TotalPluginStartup] 6.426036ms
2014-01-07 17:36:03.865 XcodeTest[23560:80b] Resetting plugins due to page load.
2014-01-07 17:36:03.902 XcodeTest[23560:80b] Finished load of: file:///Users/ryanbowman/Library/Application%20Support/iPhone%20Simulator/7.0.3/Applications/A81E52D3-906F-4380-A09F-38682BD29EE8/XcodeTest.app/www/index.html
2014-01-07 18:24:18.885 XcodeTest[24163:80b] Multi-tasking -> Device: YES, App: YES
2014-01-07 18:24:18.894 XcodeTest[24163:80b] Unlimited access to network resources
2014-01-07 18:24:18.924 XcodeTest[24163:80b] [CDVTimer][statusbar] 7.704973ms
2014-01-07 18:24:18.925 XcodeTest[24163:80b] [CDVTimer][TotalPluginStartup] 8.255005ms
2014-01-07 18:24:19.041 XcodeTest[24163:80b] Resetting plugins due to page load.
2014-01-07 18:24:19.096 XcodeTest[24163:80b] Finished load of: file:///Users/ryanbowman/Library/Application%20Support/iPhone%20Simulator/7.0.3/Applications/A81E52D3-906F-4380-A09F-38682BD29EE8/XcodeTest.app/www/index.html
2014-01-07 18:24:19.170 XcodeTest[24163:80b] Detected docs path: /Users/ryanbowman/Library/Application Support/iPhone Simulator/7.0.3/Applications/A81E52D3-906F-4380-A09F-38682BD29EE8/Documents
2014-01-07 18:24:19.172 XcodeTest[24163:80b] Good news: SQLite is thread safe!
2014-01-07 18:24:19.175 XcodeTest[24163:80b] stupid piece of crap
2014-01-07 18:24:19.176 XcodeTest[24163:80b] SQLitePlugin openargs: {"name":"Database"}
2014-01-07 18:24:19.176 XcodeTest[24163:80b] DB opened: Database
2014-01-07 18:24:19.177 XcodeTest[24163:80b] insertId: 1 -- probably 1
2014-01-07 18:24:22.672 XcodeTest[24163:80b] res.rows.length: 456 -- should be 456
